2021-12-09 04:06:09 Loading main app package /tmp/.mount_ObsidiIMMp6k/resources/obsidian.asar
2021-12-09 04:06:09 Checking for update using Github
2021-12-09 04:06:10 Success.
2021-12-09 04:06:10 Latest version is 0.12.19
2021-12-09 04:06:10 App is up to date.
2021-12-09 04:09:10 Loading main app package /tmp/.mount_obsidi9NRTj7/resources/obsidian.asar
2021-12-09 04:09:11 Checking for update using Github
2021-12-09 04:09:11 Success.
2021-12-09 04:09:11 Latest version is 0.12.19
2021-12-09 04:09:11 App is up to date.
2021-12-09 04:16:27 Loading main app package /tmp/.mount_obsidij63FyG/resources/obsidian.asar
2021-12-09 04:16:27 Checking for update using Github
2021-12-09 04:16:27 Success.
2021-12-09 04:16:27 Latest version is 0.12.19
2021-12-09 04:16:27 App is up to date.
2021-12-09 04:19:52 Loading main app package /tmp/.mount_obsidiZzUfxD/resources/obsidian.asar
2021-12-09 04:19:53 Checking for update using Github
2021-12-09 04:19:53 Success.
2021-12-09 04:19:53 Latest version is 0.12.19
2021-12-09 04:19:53 App is up to date.
2021-12-09 04:20:45 Loading main app package /tmp/.mount_obsidilqcsuV/resources/obsidian.asar
2021-12-09 04:20:45 Checking for update using Github
2021-12-09 04:20:45 Success.
2021-12-09 04:20:45 Latest version is 0.12.19
2021-12-09 04:20:45 App is up to date.
2021-12-09 04:21:40 Loading main app package /tmp/.mount_obsidiKiOlvk/resources/obsidian.asar
2021-12-09 04:21:40 Checking for update using Github
2021-12-09 04:21:40 Success.
2021-12-09 04:21:40 Latest version is 0.12.19
2021-12-09 04:21:40 App is up to date.
2021-12-09 04:22:22 Loading main app package /tmp/.mount_obsidi6nhpE5/resources/obsidian.asar
2021-12-09 04:22:23 Checking for update using Github
2021-12-09 04:22:23 Success.
2021-12-09 04:22:23 Latest version is 0.12.19
2021-12-09 04:22:23 App is up to date.
2021-12-09 04:45:34 Loading main app package /tmp/.mount_obsidijvJnWB/resources/obsidian.asar
2021-12-09 04:45:35 Checking for update using Github
2021-12-09 04:45:35 Success.
2021-12-09 04:45:35 Latest version is 0.12.19
2021-12-09 04:45:35 App is up to date.
2021-12-09 04:46:44 Loading main app package /tmp/.mount_obsidiwr2mry/resources/obsidian.asar
2021-12-09 04:46:45 Checking for update using Github
2021-12-09 04:46:45 Success.
2021-12-09 04:46:45 Latest version is 0.12.19
2021-12-09 04:46:45 App is up to date.
2021-12-09 04:47:13 Loading main app package /tmp/.mount_obsidiBuvDRF/resources/obsidian.asar
2021-12-09 04:47:13 Checking for update using Github
2021-12-09 04:47:13 Success.
2021-12-09 04:47:13 Latest version is 0.12.19
2021-12-09 04:47:13 App is up to date.
2021-12-09 04:47:25 Loading main app package /tmp/.mount_obsidi13vRPY/resources/obsidian.asar
2021-12-09 04:47:26 Checking for update using Github
2021-12-09 04:47:26 Success.
2021-12-09 04:47:26 Latest version is 0.12.19
2021-12-09 04:47:26 App is up to date.
2021-12-09 04:49:00 Loading main app package /tmp/.mount_obsidiZRDWnH/resources/obsidian.asar
2021-12-09 04:49:00 Checking for update using Github
2021-12-09 21:49:51 Loading main app package /tmp/.mount_obsidiRhkoBk/resources/obsidian.asar
2021-12-09 21:49:51 Checking for update using Github
2021-12-09 21:49:52 Success.
2021-12-09 21:49:52 Latest version is 0.12.19
2021-12-09 21:49:52 App is up to date.
2021-12-09 22:23:57 Loading main app package /tmp/.mount_obsidia7qGgm/resources/obsidian.asar
2021-12-09 22:23:57 Checking for update using Github
2021-12-09 22:23:58 Success.
2021-12-09 22:23:58 Latest version is 0.12.19
2021-12-09 22:23:58 App is up to date.
2021-12-09 22:25:39 Loading main app package /tmp/.mount_obsidihcrrRF/resources/obsidian.asar
2021-12-09 22:25:39 Checking for update using Github
2021-12-09 22:25:39 Success.
2021-12-09 22:25:39 Latest version is 0.12.19
2021-12-09 22:25:39 App is up to date.
2021-12-09 22:39:32 Loading main app package /tmp/.mount_obsidiHWzmh5/resources/obsidian.asar
2021-12-09 22:39:32 Checking for update using Github
2021-12-09 22:39:33 Success.
2021-12-09 22:39:33 Latest version is 0.12.19
2021-12-09 22:39:33 App is up to date.
2021-12-10 00:19:36 Loading main app package /tmp/.mount_obsidiB8Ca7f/resources/obsidian.asar
2021-12-10 00:19:36 Checking for update using Github
2021-12-10 00:19:37 Success.
2021-12-10 00:19:37 Latest version is 0.12.19
2021-12-10 00:19:37 App is up to date.
2021-12-10 00:47:15 Loading main app package /tmp/.mount_obsidi2n5KkB/resources/obsidian.asar
2021-12-10 00:47:16 Checking for update using Github
2021-12-10 00:47:26 Loading main app package /tmp/.mount_obsidiU7eoZk/resources/obsidian.asar
2021-12-10 00:47:26 Checking for update using Github
2021-12-10 00:47:27 Success.
2021-12-10 00:47:27 Latest version is 0.12.19
2021-12-10 00:47:27 App is up to date.
2021-12-10 01:20:47 Loading main app package /tmp/.mount_obsidiEYS0uT/resources/obsidian.asar
2021-12-10 01:20:48 Checking for update using Github
2021-12-10 01:20:48 Success.
2021-12-10 01:20:48 Latest version is 0.12.19
2021-12-10 01:20:48 App is up to date.
2021-12-10 01:26:24 Loading main app package /tmp/.mount_obsidiDSqpwc/resources/obsidian.asar
2021-12-10 01:26:25 Checking for update using Github
2021-12-10 01:26:25 Success.
2021-12-10 01:26:25 Latest version is 0.12.19
2021-12-10 01:26:25 App is up to date.
2021-12-10 01:31:20 Loading main app package /tmp/.mount_obsidilQWxaB/resources/obsidian.asar
2021-12-10 01:31:21 Checking for update using Github
2021-12-10 01:31:21 Success.
2021-12-10 01:31:21 Latest version is 0.12.19
2021-12-10 01:31:21 App is up to date.
2021-12-10 01:31:54 Loading main app package /tmp/.mount_obsidiPOze0s/resources/obsidian.asar
2021-12-10 01:31:54 Checking for update using Github
2021-12-10 01:31:54 Success.
2021-12-10 01:31:54 Latest version is 0.12.19
2021-12-10 01:31:54 App is up to date.
2021-12-10 01:36:51 Loading main app package /tmp/.mount_obsidifjgxes/resources/obsidian.asar
2021-12-10 01:36:51 Checking for update using Github
2021-12-10 01:36:52 Success.
2021-12-10 01:36:52 Latest version is 0.12.19
2021-12-10 01:36:52 App is up to date.
2021-12-10 02:36:51 Checking for update using Github
2021-12-10 02:36:51 Success.
2021-12-10 02:36:51 Latest version is 0.12.19
2021-12-10 02:36:51 App is up to date.
2021-12-10 03:36:51 Checking for update using Github
2021-12-10 03:36:51 Success.
2021-12-10 03:36:51 Latest version is 0.12.19
2021-12-10 03:36:51 App is up to date.
2021-12-12 02:48:44 Loading main app package /tmp/.mount_obsidiEGZFET/resources/obsidian.asar
2021-12-12 02:48:44 Checking for update using Github
2021-12-12 02:48:44 Success.
2021-12-12 02:48:44 Latest version is 0.12.19
2021-12-12 02:48:44 App is up to date.
2021-12-12 03:48:44 Checking for update using Github
2021-12-12 03:48:44 Success.
2021-12-12 03:48:44 Latest version is 0.12.19
2021-12-12 03:48:44 App is up to date.
2021-12-12 04:48:44 Checking for update using Github
2021-12-12 04:48:44 Success.
2021-12-12 04:48:44 Latest version is 0.12.19
2021-12-12 04:48:44 App is up to date.
2021-12-12 05:20:10 Loading main app package /tmp/.mount_obsidih6m23f/resources/obsidian.asar
2021-12-12 05:20:10 Checking for update using Github
2021-12-12 05:20:11 Success.
2021-12-12 05:20:11 Latest version is 0.12.19
2021-12-12 05:20:11 App is up to date.
2021-12-12 15:19:48 Loading main app package /tmp/.mount_obsidiWWb3Pg/resources/obsidian.asar
2021-12-12 15:19:49 Checking for update using Github
2021-12-12 15:19:49 Success.
2021-12-12 15:19:49 Latest version is 0.12.19
2021-12-12 15:19:49 App is up to date.
2021-12-12 16:19:48 Checking for update using Github
2021-12-12 16:19:48 Success.
2021-12-12 16:19:48 Latest version is 0.12.19
2021-12-12 16:19:48 App is up to date.
