00:00:00.308978 VirtualBox GUI VM Selector Window 6.1.30 r148432 linux.amd64 (Nov 22 2021 16:46:06) release log
00:00:00.308980 Log opened 2021-12-12T15:52:48.910569000Z
00:00:00.308980 Build Type: release
00:00:00.308984 OS Product: Linux
00:00:00.308985 OS Release: 5.14.8-zen1-1-zen
00:00:00.308985 OS Version: #1 ZEN SMP PREEMPT Sun, 26 Sep 2021 19:36:16 +0000
00:00:00.309011 DMI Product Name: ROG Strix G512LW_G512LW
00:00:00.309017 DMI Product Version: 1.0       
00:00:00.309024 Firmware type: UEFI
00:00:00.309227 Secure Boot: Disabled
00:00:00.309274 Host RAM: 15785MB (15.4GB) total, 12355MB (12.0GB) available
00:00:00.309278 Executable: /opt/VirtualBox/VirtualBox
00:00:00.309278 Process ID: 154674
00:00:00.309279 Package type: LINUX_64BITS_GENERIC
00:00:00.309304 Qt version: 5.6.1
00:00:00.346280 GUI: UIMediumEnumerator: Medium-enumeration started...
00:00:00.628433 GUI: UIMediumEnumerator: Medium-enumeration finished!
00:00:00.634978 GUI: UIDesktopWidgetWatchdog::sltHandleHostScreenAvailableGeometryCalculated: Screen 0 work area is actually resized to: 8x34 x 1264x1394
00:00:00.635753 refreshCertificates/#1: Certificate '/etc/ca-certificates/extracted/objsign-ca-bundle.pem' is empty
00:00:00.648207 refreshCertificates/#2: entry #74: InMem.Cert.TbsCertificate.T3.Extensions.papItems[#].ExtnValue.NameConstraints.T0.PermittedSubtrees.papItems[#]: Unexpected sequence type/flags: 0x2/0x80 (expected 0x10/0x20)  entry #74: InMem.Cert.TbsCertificate.T3.Extensions.papItems[#].ExtnValue.NameConstraints.T0.PermittedSubtrees.papItems[#]: Unexpected sequence type/flags: 0x2/0x80 (expected 0x10/0x20)
00:00:00.662614 GUI: UIDesktopWidgetWatchdog::sltHandleHostScreenAvailableGeometryCalculated: Screen 1 work area is actually resized to: 1284x34 x 1264x691
00:00:03.777170 convertVerifyAndAddPemCertificateToStore: cbData=0x1c624 expected 0x4d7
00:00:03.781560 refreshCertificates/#3: Found 0/286 SSL certs we/you trust (previously 0/286).
00:12:18.522155 GUI: UIMediumEnumerator: Medium with key={{f37d97ff-1e15-4980-ad9b-2dbf7a0a4693}} created
00:12:18.579016 GUI: UIMediumEnumerator: Medium-enumeration finished!
00:12:34.272856 GUI: UIMediumEnumerator: Medium with key={{4a7ceb3c-ab32-46e2-97d1-d0f594f5cacc}} created
00:12:34.286664 GUI: UIMediumEnumerator: Medium-enumeration finished!
00:12:35.511726 GUI: UIMediumEnumerator: Medium-enumeration finished!
00:12:35.515436 GUI: UIMediumEnumerator: Medium-enumeration finished!
00:37:43.671307 GUI: UIMediumEnumerator: Medium-enumeration finished!
00:41:55.656863 GUI: UIMediumEnumerator: Medium-enumeration finished!
00:41:55.688180 GUI: UIMediumEnumerator: Medium-enumeration finished!
00:46:39.395107 GUI: UIMediumEnumerator: Medium-enumeration finished!
00:47:56.721741 GUI: UIMediumEnumerator: Medium-enumeration finished!
00:47:57.330683 ERROR [COM]: aRC=NS_ERROR_UNEXPECTED (0x8000ffff) aIID={c0447716-ff5a-4795-b57a-ecd5fffa18a4} aComponent={SessionWrap} aText={The session is not locked (session state: Unlocked)}, preserve=false aResultDetail=0
