[101536][1636676730231][main][info]["Booting Postman 9.1.3, linux-5.14.8-zen1-1-zen on x64"]
[101536][1636676730234][main][info]["EventBus~initialize - Success"]
[101536][1636676730236][main][info]["Proxy configuration has not been setup"]
[101536][1636676730237][main][info]["CloudProxyManager~init - Success"]
[101536][1636676730242][main][info]["UpdateHandler~init - Success"]
[101536][1636676730439][main][info]["RuntimeIPCAgent~started: Success"]
[101536][1636676730440][main][info]["LeaderSelection: Initialized successfully"]
[101536][1636676730508][main][info]["LinuxAutoUpdater~Cleanup - Initial cleanup successful"]
[101536][1636676730719][main][info]["GPU detected VID 4318 DID 7956 ACTIVE true"]
[101536][1636676730720][main][info]["GPU detected VID 32902 DID 39876 ACTIVE false"]
[101536][1636676730732][main][info]["Bootstrap-models~bootstrap - Success"]
[101536][1636676730867][main][info]["window-manager~newSharedWindow: Shell loaded"]
[101536][1636676732302][main][info]["Main~AppEvents - Received booted event for process shared"]
[101536][1636676733841][main][info]["UpdateHandler~app-update-events - Received event",{"name":"checkForElectronVersionUpdated","namespace":"appUpdate"}]
[101536][1636676733856][main][info]["Main~AppEvents - Received booted event for process scratchpad"]
[101536][1636676737314][main][warn]["AuthHandler~open: Current app is not default protocol client - Falling back to polling mechanism."]
[101536][1636676739986][main][info]["Main~AppEvents - Received booted event for process shared"]
[101536][1636676747308][main][info]["UpdateHandler~app-update-events - Received event",{"name":"checkForElectronVersionUpdated","namespace":"appUpdate"}]
[101536][1636676747365][main][info]["Main~AppEvents - Received booted event for process scratchpad"]
[101536][1636676759017][main][info]["UpdateHandler~app-update-events - Received event",{"name":"checkForElectronVersionUpdated","namespace":"appUpdate"}]
[101536][1636676759029][main][info]["Main~AppEvents - Received booted event for process requester"]
[101536][1636677486641][main][info]["WindowManager~closeHandler - Closed Window (id: 6 )"]
[101536][1636677486660][main][info]["Quitting app"]
[108343][1637722410704][main][info]["Booting Postman 9.1.3, linux-5.14.8-zen1-1-zen on x64"]
[108343][1637722410706][main][info]["EventBus~initialize - Success"]
[108343][1637722410708][main][info]["Proxy configuration has not been setup"]
[108343][1637722410709][main][info]["CloudProxyManager~init - Success"]
[108343][1637722410714][main][info]["UpdateHandler~init - Success"]
[108343][1637722410966][main][info]["RuntimeIPCAgent~started: Success"]
[108343][1637722410968][main][info]["LeaderSelection: Initialized successfully"]
[108343][1637722411043][main][info]["LinuxAutoUpdater~Cleanup - Initial cleanup successful"]
[108343][1637722411071][main][info]["GPU detected VID 4318 DID 7956 ACTIVE true"]
[108343][1637722411072][main][info]["GPU detected VID 32902 DID 39876 ACTIVE false"]
[108343][1637722411094][main][info]["Bootstrap-models~bootstrap - Success"]
[108343][1637722411226][main][info]["window-manager~newSharedWindow: Shell loaded"]
[108343][1637722412796][main][info]["Main~AppEvents - Received booted event for process shared"]
[108343][1637722415123][main][info]["UpdateHandler~app-update-events - Received event",{"name":"checkForElectronVersionUpdated","namespace":"appUpdate"}]
[108343][1637722415137][main][info]["Main~AppEvents - Received booted event for process requester"]
[108343][1637722425762][main][info]["UpdateHandler~app-update-events - Received event",{"name":"updateElectron","namespace":"appUpdate","data":{"channel":"stable","version":"9.1.3","downloadVersion":"9.2.0","appId":"72c00139-1967-416e-8d40-370c9122f141","userAgent":"Mozilla/5.0 (X11; Linux x86_64) AppleWebKit/537.36 (KHTML, like Gecko) Postman/9.1.3 Chrome/87.0.4280.88 Electron/11.1.1 Safari/537.36","platform":"LINUX","arch":"64","downloadURL":"https://dl.pstmn.io/download/version/9.2.0/linux_64","updateServerDomain":"https://dl.pstmn.io/","additionalParamsString":"installationId=72c00139-1967-416e-8d40-370c9122f141&userId=14771278&syncEnabled=true&teamPlan=&teamId=0","userId":"14771278"}}]
[108343][1637722425762][main][info]["LinuxUpdater~downloadUpdate - UpdateInfo received",{"channel":"stable","version":"9.1.3","downloadVersion":"9.2.0","appId":"72c00139-1967-416e-8d40-370c9122f141","userAgent":"Mozilla/5.0 (X11; Linux x86_64) AppleWebKit/537.36 (KHTML, like Gecko) Postman/9.1.3 Chrome/87.0.4280.88 Electron/11.1.1 Safari/537.36","platform":"LINUX","arch":"64","downloadURL":"https://dl.pstmn.io/download/version/9.2.0/linux_64","updateServerDomain":"https://dl.pstmn.io/","additionalParamsString":"installationId=72c00139-1967-416e-8d40-370c9122f141&userId=14771278&syncEnabled=true&teamPlan=&teamId=0","userId":"14771278"}]
[108343][1637722426139][main][info]["@postman/app-updater: error",{"errno":-13,"code":"EACCES","syscall":"open","path":"/opt/postman/Postman-1637722425762.tar.gz","name":"Error","message":"EACCES: permission denied, open '/opt/postman/Postman-1637722425762.tar.gz'","stack":"Error: EACCES: permission denied, open '/opt/postman/Postman-1637722425762.tar.gz'"},{"packageName":"Postman","eID":"Postman-1637722425762","downloadURL":"https://dl.pstmn.io/download/version/9.2.0/linux_64","downloadDirectory":"/opt/postman","downloadInfo":{"status":"DOWNLOAD_ERROR","error":{"errno":-13,"code":"EACCES","syscall":"open","path":"/opt/postman/Postman-1637722425762.tar.gz"},"downloadDirectory":"/opt/postman"}}]
[108343][1637722426140][main][info]["UpdateHandler~app-update-events - Received event",{"name":"electronAppUpdateError","namespace":"appUpdate","data":{"error":{"errno":-13,"code":"EACCES","syscall":"open","path":"/opt/postman/Postman-1637722425762.tar.gz","name":"Error","message":"EACCES: permission denied, open '/opt/postman/Postman-1637722425762.tar.gz'","stack":"Error: EACCES: permission denied, open '/opt/postman/Postman-1637722425762.tar.gz'"},"updateData":{"packageName":"Postman","eID":"Postman-1637722425762","downloadURL":"https://dl.pstmn.io/download/version/9.2.0/linux_64","downloadDirectory":"/opt/postman","downloadInfo":{"status":"DOWNLOAD_ERROR","error":{"errno":-13,"code":"EACCES","syscall":"open","path":"/opt/postman/Postman-1637722425762.tar.gz"},"downloadDirectory":"/opt/postman"}}}}]
[108343][1637724570871][main][info]["WindowManager~closeHandler - Closed Window (id: 3 )"]
[108343][1637724570904][main][info]["Quitting app"]
