[101536][1636676757555][requester][info]["EventBus~initialize - Success"]
[101536][1636676757556][requester][info]["Messaging~boot - Success"]
[101536][1636676757570][requester][info]["bootCrashReporter~ Success"]
[101536][1636676757571][requester][info]["Telemetry~boot - Success"]
[101536][1636676757572][requester][info]["bootConfigurations~initialize - Success"]
[101536][1636676757574][requester][info]["Settings~boot - Success"]
[101536][1636676757680][requester][info]["bootstrapModels - Success"]
[101536][1636676757681][requester][info]["WLModels~boot - Success"]
[101536][1636676757688][requester][info]["Session~boot - Success"]
[101536][1636676757690][requester][info]["IndependentServices~boot - Success"]
[101536][1636676757697][requester][info]["AppModels~boot - Success"]
[101536][1636676757703][requester][info]["checkVersionLock: Starting version lock check"]
[101536][1636676758557][requester][info]["performVersionLockCheck: Current version is valid for the user"]
[101536][1636676758557][requester][info]["checkVersionLock: Version lock check passed"]
[101536][1636676758558][requester][info]["shouldMigrateWorkspaces: isUserSignedIn - true"]
[101536][1636676758558][requester][info]["triggerWorkspaceMigration: Starting migration flow"]
[101536][1636676758559][requester][info]["migrateWorkspaces: Making migration call"]
[101536][1636676758971][requester][info]["migrateWorkspaces: Received migration response"]
[101536][1636676758972][requester][info]["migrateWorkspaces: Migration successful"]
[101536][1636676758972][requester][info]["triggerWorkspaceMigration: Migration successful"]
[101536][1636676758980][requester][info]["Sync~boot - Success"]
[101536][1636676758989][requester][info]["PostUpdateBackup~init: Success"]
[101536][1636676758990][requester][info]["Shared~boot - Success"]
[101536][1636676758995][requester][info]["DBWatcher~boot - Success"]
[101536][1636676758996][requester][info]["ThemeManager~boot - Success"]
[101536][1636676758997][requester][info]["WorkbenchService~boot - Success"]
[101536][1636676758997][requester][info]["ContextBarRegistry~boot - Success"]
[101536][1636676758998][requester][info]["Store~boot - Success"]
[101536][1636676758999][requester][info]["Shortcuts~boot - Success"]
[101536][1636676759011][requester][info]["NewConsole~boot - Success"]
[101536][1636676759015][requester][info]["APIDevInterface~boot - Success"]
[101536][1636676759016][requester][info]["initializePostV8UpdateCheck: Success"]
[101536][1636676759019][requester][info]["Attempting to create IPCNode to proxy_node_process"]
[101536][1636676759025][requester][info]["Requester~boot - Success"]
[101536][1636676759027][requester][info]["SharedRuntimeListeners~boot - Success"]
[101536][1636676759029][requester][info]["booted - requester"]
[101536][1636676759270][requester][info]["CloudProxyHandler: Proxy configuration has not been setup"]
[101536][1636676759271][requester][error]["IPCNode~createClient~something wrong connecting to the IPC server",{"errno":"ENOENT","code":"ENOENT","syscall":"connect","address":"/home/icecream/.config/Postman/proxy_node_process_prod.sock","name":"Error","message":"connect ENOENT /home/icecream/.config/Postman/proxy_node_process_prod.sock","stack":"Error: connect ENOENT /home/icecream/.config/Postman/proxy_node_process_prod.sock\n    at PipeConnectWrap.afterConnect [as oncomplete] (net.js:1141:16)"}]
[101536][1636676759385][requester][info]["WorkspaceSessionController~getActiveSession: WorkspaceSession not found in db"]
[101536][1636676759386][requester][info]["ActiveWorkspaceSessionStore: No workspace found"]
[101536][1636676759386][requester][info]["WorkspaceSessionController~getActiveSession: WorkspaceSession not found in db"]
[101536][1636676759386][requester][info]["DesktopLocationService~_getInitialWorkspace No active session found error",{"name":"Error","message":"WorkspaceSessionController~getActiveSession: WorkspaceSession not found in db","stack":"Error: WorkspaceSessionController~getActiveSession: WorkspaceSession not found in db\n    at file:///opt/postman/app/resources/app/js/vendor-shared.js:2:4185793\n    at async Object.transitionToInitialURL (file:///opt/postman/app/resources/app/js/vendor-shared.js:2:3712776)"}]
[101536][1636676759387][requester][info]["NavigationService ~ [BROWSER] Transitioning io the initial route with the URL:","home"]
[101536][1636676759462][requester][info]["WorkspaceSessionController~getActiveSession: WorkspaceSession not found in db"]
[101536][1636676759462][requester][info]["ActiveWorkspaceSessionStore: No workspace found",{"name":"Error","message":"WorkspaceSessionController~getActiveSession: WorkspaceSession not found in db","stack":"Error: WorkspaceSessionController~getActiveSession: WorkspaceSession not found in db\n    at file:///opt/postman/app/resources/app/js/vendor-shared.js:2:4185793"}]
[101536][1636676759753][requester][info]["SessionValidation - Registering listener"]
[101536][1636676759826][requester][error]["Error in billing bootstrap call",{"error":{"message":"SyncRequestService\\x7erequestListener: Could not fetch from sync. Socket not connected."}}]
[101536][1636676759836][requester][info]["UI pulled the session locked information on init"]
[101536][1636676760852][requester][warn]["GateKeeperService~_handleKeyUpdate: Invalid key type provided",{"type":"flags","value":false}]
[101536][1636676760852][requester][info]["GateKeeperService~onNotificationToggle Key value toggled for Notification to true"]
[101536][1636676760852][requester][info]["GateKeeperService~onSyncToggle Key value toggled for Sync to true"]
[101536][1636676760853][requester][info]["GateKeeperService~onWebsocketToggle Key value toggled for Websocket to true"]
[101536][1636676760853][requester][warn]["SyncManagerNew~attachGateKeeperHandlers: listening to notification event",{"name":"notification","namespace":"gatekeeper","data":{"isEnabled":true}}]
[101536][1636676760854][requester][warn]["SyncManagerNew~attachGateKeeperHandlers: listening to sync event",{"name":"sync","namespace":"gatekeeper","data":{"isEnabled":true}}]
[101536][1636676760854][requester][info]["SyncManagerNew~setSync",true]
[101536][1636676760854][requester][info]["SyncManagerNew~signIn",{"forceConnect":true}]
[101536][1636676760855][requester][warn]["SyncManagerNew~attachGateKeeperHandlers: listening to websocket event",{"name":"websocket","namespace":"gatekeeper","data":{"isEnabled":true}}]
[101536][1636676760855][requester][info]["SyncManagerNew~setSync",true]
[101536][1636676760855][requester][info]["SyncManagerNew~signIn",{"forceConnect":true}]
[101536][1636676760857][requester][info]["SyncManagerNew~createSocket",{"forceConnect":true}]
[101536][1636676760858][requester][info]["SyncManagerNew~createSocket",{"forceConnect":true}]
[101536][1636676760862][requester][info]["SyncManagerNew~createSocket","sailsIO.connect",{"url":"https://bifrost-v4.getpostman.com","opts":{"reconnectionDelay":10000,"reconnectionDelayMax":60000,"reconnectionAttempts":8,"randomizationFactor":0.3}}]
[101536][1636676761556][requester][info]["SyncManagerNew~_onConnect"]
[101536][1636676761562][requester][info]["SyncManagerNew~signIn",{}]
[101536][1636676761563][requester][info]["setupVersionLockListener: Attached listener for version lock check events"]
[101536][1636676761574][requester][info]["SyncTimelineHelper: Force stopping all timelines"]
[101536][1636676761575][requester][info]["BaseSyncTimeline~forceStop: Force stop user:14771278"]
[101536][1636676761580][requester][info]["subscribeToTeamEvents: Bailing out as team ID is not available"]
[101536][1636676761584][requester][info]["BaseSyncTimeline~subscribe: Subscribing to real time changes for user:14771278"]
[101536][1636676761584][requester][info]["BaseSyncTimeline~_sync: Starting sync for user:14771278"]
[101536][1636676761585][requester][info]["BaseSyncTimeline~getPendingClientChanges: Starting to get pending changes for user:14771278"]
[101536][1636676761586][requester][info]["BaseSyncTimeline~getPendingClientChanges: Finished to get pending changes for user:14771278"]
[101536][1636676761586][requester][info]["BaseSyncTimeline~getPendingServerChanges: Starting /sync call for user:14771278"]
[101536][1636676761780][requester][info]["BaseSyncTimeline~SyncFinishedObservable: Successful sync proceeding with integrity check and force sync for user:14771278"]
[101536][1636676761780][requester][info]["BaseSyncTimeline~_handleForceSync: Bailing out of force sync for user:14771278"]
[101536][1636676772075][requester][info]["BaseSyncTimeline~subscribe: Subscribing to real time changes for workspace:a542fe55-50c5-42fe-8762-60edc35ba572"]
[101536][1636676772075][requester][info]["BaseSyncTimeline~_sync: Starting sync for workspace:a542fe55-50c5-42fe-8762-60edc35ba572"]
[101536][1636676772277][requester][info]["BaseSyncTimeline~getPendingClientChanges: Starting to get pending changes for workspace:a542fe55-50c5-42fe-8762-60edc35ba572"]
[101536][1636676772281][requester][info]["BaseSyncTimeline~getPendingClientChanges: Finished to get pending changes for workspace:a542fe55-50c5-42fe-8762-60edc35ba572"]
[101536][1636676772282][requester][info]["BaseSyncTimeline~getPendingServerChanges: Starting /sync call for workspace:a542fe55-50c5-42fe-8762-60edc35ba572"]
[101536][1636676772979][requester][info]["BaseSyncTimeline~SyncFinishedObservable: Successful sync proceeding with integrity check and force sync for workspace:a542fe55-50c5-42fe-8762-60edc35ba572"]
[101536][1636676772979][requester][info]["BaseSyncTimeline~_handleForceSync: Bailing out of force sync for workspace:a542fe55-50c5-42fe-8762-60edc35ba572"]
[101536][1636676773338][requester][warn]["EntityPermissionHandler: @TODO no target action found for",{"name":"populate","namespace":"headerpreset"}]
[101536][1636676773341][requester][warn]["EntityPermissionHandler: @TODO no target action found for",{"name":"createOrUpdate","namespace":"globals"}]
[101536][1636676775946][requester][error]["CommentsContributor~fetchRequestCommentsCount: Failed to fetch comments count"]
[101536][1636676778997][requester][info]["BaseSyncTimeline~subscribe: Subscribing to real time changes for collection:14771278-666f68ac-0b21-412b-ad9c-bbcf65fa68f9"]
[101536][1636676778998][requester][info]["BaseSyncTimeline~_sync: Starting sync for collection:14771278-666f68ac-0b21-412b-ad9c-bbcf65fa68f9"]
[101536][1636676779001][requester][info]["BaseSyncTimeline~getPendingClientChanges: Starting to get pending changes for collection:14771278-666f68ac-0b21-412b-ad9c-bbcf65fa68f9"]
[101536][1636676779003][requester][info]["BaseSyncTimeline~getPendingClientChanges: Finished to get pending changes for collection:14771278-666f68ac-0b21-412b-ad9c-bbcf65fa68f9"]
[101536][1636676779005][requester][info]["BaseSyncTimeline~getPendingServerChanges: Starting /sync call for collection:14771278-666f68ac-0b21-412b-ad9c-bbcf65fa68f9"]
[101536][1636676779372][requester][info]["BaseSyncTimeline~getPendingServerChanges: Finished /sync call for collection:14771278-666f68ac-0b21-412b-ad9c-bbcf65fa68f9"]
[101536][1636676779373][requester][info]["BaseSyncTimeline~processServerChange: Started processing changeset for collection:import:666f68ac-0b21-412b-ad9c-bbcf65fa68f9 Timeline:collection:14771278-666f68ac-0b21-412b-ad9c-bbcf65fa68f9"]
[101536][1636676779381][requester][info]["BaseSyncTimeline~processServerChange: Finished processing changeset for collection:import:666f68ac-0b21-412b-ad9c-bbcf65fa68f9 Timeline:collection:14771278-666f68ac-0b21-412b-ad9c-bbcf65fa68f9"]
[101536][1636676779390][requester][info]["BaseSyncTimeline~SyncFinishedObservable: Successful sync proceeding with integrity check and force sync for collection:14771278-666f68ac-0b21-412b-ad9c-bbcf65fa68f9"]
[101536][1636676779390][requester][info]["BaseSyncTimeline~_handleForceSync: Starting force sync for collection:14771278-666f68ac-0b21-412b-ad9c-bbcf65fa68f9"]
[101536][1636676779391][requester][info]["BaseSyncTimeline~_handleForceSync: Finished force sync for collection:14771278-666f68ac-0b21-412b-ad9c-bbcf65fa68f9"]
[101536][1636676886417][requester][info]["RealtimeSyncMessageService~publishRealtimeOutgoingMessage: Message received history:import:3c464dea-1614-4ac0-be29-40f52f4e7c50 Timeline in message: workspace:a542fe55-50c5-42fe-8762-60edc35ba572"]
[101536][1636676886418][requester][info]["BaseSyncTimeline~getPendingClientChanges: Starting to get pending changes for workspace:a542fe55-50c5-42fe-8762-60edc35ba572"]
[101536][1636676886433][requester][info]["BaseSyncTimeline~getPendingClientChanges: Finished to get pending changes for workspace:a542fe55-50c5-42fe-8762-60edc35ba572"]
[101536][1636676886433][requester][info]["BaseSyncTimeline~processClientChangesObservable: Started sending changeset for history:import:3c464dea-1614-4ac0-be29-40f52f4e7c50 Timeline:workspace:a542fe55-50c5-42fe-8762-60edc35ba572"]
[101536][1636676886669][requester][info]["BaseSyncTimeline~processClientChangesObservable: Success for sending changeset for history:import:3c464dea-1614-4ac0-be29-40f52f4e7c50 Timeline:workspace:a542fe55-50c5-42fe-8762-60edc35ba572"]
[101536][1636676887536][requester][info]["RealtimeSyncMessageService~publishRealtimeOutgoingMessage: Message received historyresponse:import:2d3a8a23-a18e-40c5-9537-09d0db7f455e Timeline in message: workspace:a542fe55-50c5-42fe-8762-60edc35ba572"]
[101536][1636676887537][requester][info]["BaseSyncTimeline~getPendingClientChanges: Starting to get pending changes for workspace:a542fe55-50c5-42fe-8762-60edc35ba572"]
[101536][1636676887539][requester][info]["BaseSyncTimeline~getPendingClientChanges: Finished to get pending changes for workspace:a542fe55-50c5-42fe-8762-60edc35ba572"]
[101536][1636676887540][requester][info]["BaseSyncTimeline~processClientChangesObservable: Started sending changeset for historyresponse:import:2d3a8a23-a18e-40c5-9537-09d0db7f455e Timeline:workspace:a542fe55-50c5-42fe-8762-60edc35ba572"]
[101536][1636676887733][requester][info]["BaseSyncTimeline~processClientChangesObservable: Success for sending changeset for historyresponse:import:2d3a8a23-a18e-40c5-9537-09d0db7f455e Timeline:workspace:a542fe55-50c5-42fe-8762-60edc35ba572"]
[108343][1637722414363][requester][info]["EventBus~initialize - Success"]
[108343][1637722414364][requester][info]["Messaging~boot - Success"]
[108343][1637722414377][requester][info]["bootCrashReporter~ Success"]
[108343][1637722414378][requester][info]["Telemetry~boot - Success"]
[108343][1637722414379][requester][info]["bootConfigurations~initialize - Success"]
[108343][1637722414381][requester][info]["Settings~boot - Success"]
[108343][1637722414476][requester][info]["bootstrapModels - Success"]
[108343][1637722414476][requester][info]["WLModels~boot - Success"]
[108343][1637722414486][requester][info]["Session~boot - Success"]
[108343][1637722414488][requester][info]["IndependentServices~boot - Success"]
[108343][1637722414492][requester][info]["AppModels~boot - Success"]
[108343][1637722414498][requester][info]["checkVersionLock: Starting version lock check"]
[108343][1637722415077][requester][info]["performVersionLockCheck: Current version is valid for the user"]
[108343][1637722415078][requester][info]["checkVersionLock: Version lock check passed"]
[108343][1637722415078][requester][info]["triggerWorkspaceMigration: The migration has already been completed. Bailing out."]
[108343][1637722415085][requester][info]["Sync~boot - Success"]
[108343][1637722415095][requester][info]["PostUpdateBackup~init: Success"]
[108343][1637722415096][requester][info]["Shared~boot - Success"]
[108343][1637722415101][requester][info]["DBWatcher~boot - Success"]
[108343][1637722415102][requester][info]["ThemeManager~boot - Success"]
[108343][1637722415103][requester][info]["WorkbenchService~boot - Success"]
[108343][1637722415103][requester][info]["ContextBarRegistry~boot - Success"]
[108343][1637722415103][requester][info]["Store~boot - Success"]
[108343][1637722415105][requester][info]["Shortcuts~boot - Success"]
[108343][1637722415116][requester][info]["NewConsole~boot - Success"]
[108343][1637722415121][requester][info]["APIDevInterface~boot - Success"]
[108343][1637722415122][requester][info]["initializePostV8UpdateCheck: Success"]
[108343][1637722415125][requester][info]["Attempting to create IPCNode to proxy_node_process"]
[108343][1637722415131][requester][info]["Requester~boot - Success"]
[108343][1637722415133][requester][info]["SharedRuntimeListeners~boot - Success"]
[108343][1637722415134][requester][info]["booted - requester"]
[108343][1637722415379][requester][info]["CloudProxyHandler: Proxy configuration has not been setup"]
[108343][1637722415379][requester][error]["IPCNode~createClient~something wrong connecting to the IPC server",{"errno":"ENOENT","code":"ENOENT","syscall":"connect","address":"/home/icecream/.config/Postman/proxy_node_process_prod.sock","name":"Error","message":"connect ENOENT /home/icecream/.config/Postman/proxy_node_process_prod.sock","stack":"Error: connect ENOENT /home/icecream/.config/Postman/proxy_node_process_prod.sock\n    at PipeConnectWrap.afterConnect [as oncomplete] (net.js:1141:16)"}]
[108343][1637722415513][requester][info]["NavigationService ~ [BROWSER] Transitioning io the initial route with the URL:","workspace/a542fe55-50c5-42fe-8762-60edc35ba572"]
[108343][1637722415835][requester][info]["SessionValidation - Registering listener"]
[108343][1637722415857][requester][info]["UI pulled the session locked information on init"]
[108343][1637722416177][requester][info]["BaseSyncTimeline~subscribe: Subscribing to real time changes for workspace:a542fe55-50c5-42fe-8762-60edc35ba572"]
[108343][1637722416177][requester][info]["BaseSyncTimeline~_sync: Starting sync for workspace:a542fe55-50c5-42fe-8762-60edc35ba572"]
[108343][1637722416244][requester][info]["BaseSyncTimeline~subscribe: Skipping new subscribe for workspace:a542fe55-50c5-42fe-8762-60edc35ba572. Timeline is syncing."]
[108343][1637722416352][requester][info]["BaseSyncTimeline~getPendingClientChanges: Starting to get pending changes for workspace:a542fe55-50c5-42fe-8762-60edc35ba572"]
[108343][1637722416358][requester][info]["BaseSyncTimeline~getPendingClientChanges: Finished to get pending changes for workspace:a542fe55-50c5-42fe-8762-60edc35ba572"]
[108343][1637722416359][requester][info]["BaseSyncTimeline~getPendingServerChanges: Starting /sync call for workspace:a542fe55-50c5-42fe-8762-60edc35ba572"]
[108343][1637722416360][requester][error][{"name":"Error","message":"Socket is not valid","stack":"Error: Socket is not valid\n    at p (file:///opt/postman/app/resources/app/js/vendor-shared.js:2:3890055)\n    at file:///opt/postman/app/resources/app/js/vendor-shared.js:2:3889012\n    at file:///opt/postman/app/resources/app/js/vendor-shared.js:2:3889134\n    at file:///opt/postman/app/resources/app/js/vendor-shared.js:2:3891141\n    at Object.process (file:///opt/postman/app/resources/app/js/vendor-shared.js:2:3892787)\n    at file:///opt/postman/app/resources/app/js/vendor-shared.js:2:3891844\n    at Immediate._onImmediate (file:///opt/postman/app/resources/app/js/vendor-shared.js:2:1477972)\n    at processImmediate (internal/timers.js:456:21)"}]
[108343][1637722417109][requester][warn]["FeatureFlagsStore~updateFlags: Could not find feature flags",{"error":{"message":"SyncRequestService\\x7erequestListener: Could not fetch from sync. Socket not connected."}}]
[108343][1637722417121][requester][info]["SyncManagerNew~setSync",true]
[108343][1637722417122][requester][info]["SyncManagerNew~signIn",{"forceConnect":true}]
[108343][1637722417127][requester][info]["SyncManagerNew~setSync",true]
[108343][1637722417127][requester][info]["SyncManagerNew~signIn",{"forceConnect":true}]
[108343][1637722417153][requester][info]["SyncManagerNew~createSocket - Bailed out as websocket disabled"]
[108343][1637722417158][requester][info]["SyncManagerNew~createSocket - Bailed out as websocket disabled"]
[108343][1637722417162][requester][info]["SyncManagerNew~setSync",true]
[108343][1637722417162][requester][info]["SyncManagerNew~signIn",{"forceConnect":true}]
[108343][1637722417192][requester][info]["SyncManagerNew~createSocket - Bailed out as websocket disabled"]
[108343][1637722417247][requester][warn]["FeatureFlagsStore~updateFlags: Could not find feature flags",{"error":{"message":"SyncRequestService\\x7erequestListener: Could not fetch from sync. Socket not connected."}}]
[108343][1637722417432][requester][info]["SyncManagerNew~setSync",true]
[108343][1637722417432][requester][info]["SyncManagerNew~signIn",{"forceConnect":true}]
[108343][1637722417439][requester][info]["SyncManagerNew~createSocket - Bailed out as websocket disabled"]
[108343][1637722417460][requester][info]["SyncManagerNew~setSync",true]
[108343][1637722417460][requester][info]["SyncManagerNew~signIn",{"forceConnect":true}]
[108343][1637722417463][requester][info]["SyncManagerNew~createSocket - Bailed out as websocket disabled"]
[108343][1637722417483][requester][info]["SyncManagerNew~setSync",true]
[108343][1637722417483][requester][info]["SyncManagerNew~signIn",{"forceConnect":true}]
[108343][1637722417488][requester][info]["SyncManagerNew~createSocket - Bailed out as websocket disabled"]
[108343][1637722417515][requester][info]["SyncManagerNew~setSync",true]
[108343][1637722417515][requester][info]["SyncManagerNew~signIn",{"forceConnect":true}]
[108343][1637722417519][requester][info]["SyncManagerNew~createSocket - Bailed out as websocket disabled"]
[108343][1637722417882][requester][warn]["GateKeeperService~_handleKeyUpdate: Invalid key type provided",{"type":"flags","value":false}]
[108343][1637722417882][requester][info]["GateKeeperService~onNotificationToggle Key value toggled for Notification to true"]
[108343][1637722417882][requester][info]["GateKeeperService~onSyncToggle Key value toggled for Sync to true"]
[108343][1637722417882][requester][info]["GateKeeperService~onWebsocketToggle Key value toggled for Websocket to true"]
[108343][1637722417886][requester][warn]["SyncManagerNew~attachGateKeeperHandlers: listening to notification event",{"name":"notification","namespace":"gatekeeper","data":{"isEnabled":true}}]
[108343][1637722417886][requester][warn]["SyncManagerNew~attachGateKeeperHandlers: listening to sync event",{"name":"sync","namespace":"gatekeeper","data":{"isEnabled":true}}]
[108343][1637722417886][requester][info]["SyncManagerNew~setSync",true]
[108343][1637722417886][requester][info]["SyncManagerNew~signIn",{"forceConnect":true}]
[108343][1637722417887][requester][warn]["SyncManagerNew~attachGateKeeperHandlers: listening to websocket event",{"name":"websocket","namespace":"gatekeeper","data":{"isEnabled":true}}]
[108343][1637722417887][requester][info]["SyncManagerNew~setSync",true]
[108343][1637722417887][requester][info]["SyncManagerNew~signIn",{"forceConnect":true}]
[108343][1637722417892][requester][info]["SyncManagerNew~createSocket",{"forceConnect":true}]
[108343][1637722417893][requester][info]["SyncManagerNew~createSocket",{"forceConnect":true}]
[108343][1637722417898][requester][info]["SyncManagerNew~createSocket","sailsIO.connect",{"url":"https://bifrost-v4.getpostman.com","opts":{"reconnectionDelay":10000,"reconnectionDelayMax":60000,"reconnectionAttempts":8,"randomizationFactor":0.3}}]
[108343][1637722418472][requester][info]["SyncManagerNew~_onConnect"]
[108343][1637722418489][requester][info]["SyncManagerNew~signIn",{}]
[108343][1637722418489][requester][info]["setupVersionLockListener: Attached listener for version lock check events"]
[108343][1637722418509][requester][error]["CommentsContributor~fetchRequestCommentsCount: Failed to fetch comments count"]
[108343][1637722418514][requester][error]["CommentsContributor~fetchRequestCommentsCount: Failed to fetch comments count"]
[108343][1637722418531][requester][info]["SyncTimelineHelper: Force stopping all timelines"]
[108343][1637722418532][requester][info]["BaseSyncTimeline~forceStop: Force stop user:14771278"]
[108343][1637722418532][requester][info]["BaseSyncTimeline~forceStop: Force stop workspace:a542fe55-50c5-42fe-8762-60edc35ba572"]
[108343][1637722418539][requester][info]["subscribeToTeamEvents: Bailing out as team ID is not available"]
[108343][1637722418544][requester][info]["BaseSyncTimeline~subscribe: Subscribing to real time changes for user:14771278"]
[108343][1637722418544][requester][info]["BaseSyncTimeline~_sync: Starting sync for user:14771278"]
[108343][1637722418545][requester][info]["BaseSyncTimeline~getPendingClientChanges: Starting to get pending changes for user:14771278"]
[108343][1637722418546][requester][info]["BaseSyncTimeline~getPendingClientChanges: Finished to get pending changes for user:14771278"]
[108343][1637722418546][requester][info]["BaseSyncTimeline~getPendingServerChanges: Starting /sync call for user:14771278"]
[108343][1637722418846][requester][info]["BaseSyncTimeline~SyncFinishedObservable: Successful sync proceeding with integrity check and force sync for user:14771278"]
[108343][1637722418847][requester][info]["BaseSyncTimeline~_handleForceSync: Bailing out of force sync for user:14771278"]
[108343][1637722418977][requester][info]["BaseSyncTimeline~subscribe: Subscribing to real time changes for workspace:a542fe55-50c5-42fe-8762-60edc35ba572"]
[108343][1637722418977][requester][info]["BaseSyncTimeline~_sync: Starting sync for workspace:a542fe55-50c5-42fe-8762-60edc35ba572"]
[108343][1637722418978][requester][info]["BaseSyncTimeline~subscribe: Subscribing to real time changes for collection:14771278-666f68ac-0b21-412b-ad9c-bbcf65fa68f9"]
[108343][1637722418978][requester][info]["BaseSyncTimeline~_sync: Starting sync for collection:14771278-666f68ac-0b21-412b-ad9c-bbcf65fa68f9"]
[108343][1637722418979][requester][info]["BaseSyncTimeline~getPendingClientChanges: Starting to get pending changes for workspace:a542fe55-50c5-42fe-8762-60edc35ba572"]
[108343][1637722418979][requester][info]["BaseSyncTimeline~getPendingClientChanges: Finished to get pending changes for workspace:a542fe55-50c5-42fe-8762-60edc35ba572"]
[108343][1637722418980][requester][info]["BaseSyncTimeline~getPendingServerChanges: Starting /sync call for workspace:a542fe55-50c5-42fe-8762-60edc35ba572"]
[108343][1637722418981][requester][info]["BaseSyncTimeline~getPendingClientChanges: Starting to get pending changes for collection:14771278-666f68ac-0b21-412b-ad9c-bbcf65fa68f9"]
[108343][1637722418981][requester][info]["BaseSyncTimeline~getPendingClientChanges: Finished to get pending changes for collection:14771278-666f68ac-0b21-412b-ad9c-bbcf65fa68f9"]
[108343][1637722418981][requester][info]["BaseSyncTimeline~getPendingServerChanges: Starting /sync call for collection:14771278-666f68ac-0b21-412b-ad9c-bbcf65fa68f9"]
[108343][1637722419160][requester][info]["BaseSyncTimeline~SyncFinishedObservable: Successful sync proceeding with integrity check and force sync for workspace:a542fe55-50c5-42fe-8762-60edc35ba572"]
[108343][1637722419160][requester][info]["BaseSyncTimeline~_handleForceSync: Bailing out of force sync for workspace:a542fe55-50c5-42fe-8762-60edc35ba572"]
[108343][1637722419217][requester][info]["BaseSyncTimeline~getPendingServerChanges: Finished /sync call for collection:14771278-666f68ac-0b21-412b-ad9c-bbcf65fa68f9"]
[108343][1637722419218][requester][info]["BaseSyncTimeline~processServerChange: Started processing changeset for collection:import:666f68ac-0b21-412b-ad9c-bbcf65fa68f9 Timeline:collection:14771278-666f68ac-0b21-412b-ad9c-bbcf65fa68f9"]
[108343][1637722419226][requester][info]["BaseSyncTimeline~processServerChange: Finished processing changeset for collection:import:666f68ac-0b21-412b-ad9c-bbcf65fa68f9 Timeline:collection:14771278-666f68ac-0b21-412b-ad9c-bbcf65fa68f9"]
[108343][1637722419235][requester][info]["BaseSyncTimeline~SyncFinishedObservable: Successful sync proceeding with integrity check and force sync for collection:14771278-666f68ac-0b21-412b-ad9c-bbcf65fa68f9"]
[108343][1637722419235][requester][info]["BaseSyncTimeline~_handleForceSync: Starting force sync for collection:14771278-666f68ac-0b21-412b-ad9c-bbcf65fa68f9"]
[108343][1637722419235][requester][info]["BaseSyncTimeline~_handleForceSync: Finished force sync for collection:14771278-666f68ac-0b21-412b-ad9c-bbcf65fa68f9"]
[108343][1637722419395][requester][warn]["EntityPermissionHandler: @TODO no target action found for",{"name":"createOrUpdate","namespace":"globals"}]
[108343][1637722419496][requester][warn]["EntityPermissionHandler: @TODO no target action found for",{"name":"populate","namespace":"headerpreset"}]
[108343][1637722426140][requester][error]["AppUpdaterNotifier~App updater event~Update error",{"error":{"errno":-13,"code":"EACCES","syscall":"open","path":"/opt/postman/Postman-1637722425762.tar.gz","name":"Error","message":"EACCES: permission denied, open '/opt/postman/Postman-1637722425762.tar.gz'","stack":"Error: EACCES: permission denied, open '/opt/postman/Postman-1637722425762.tar.gz'"},"updateData":{"packageName":"Postman","eID":"Postman-1637722425762","downloadURL":"https://dl.pstmn.io/download/version/9.2.0/linux_64","downloadDirectory":"/opt/postman","downloadInfo":{"status":"DOWNLOAD_ERROR","error":{},"downloadDirectory":"/opt/postman"}}}]
[108343][1637722426144][requester][error]["Error in update flow: {\"errno\":-13,\"code\":\"EACCES\",\"syscall\":\"open\",\"path\":\"/opt/postman/Postman-1637722425762.tar.gz\",\"name\":\"Error\",\"message\":\"EACCES: permission denied, open '/opt/postman/Postman-1637722425762.tar.gz'\",\"stack\":\"Error: EACCES: permission denied, open '/opt/postman/Postman-1637722425762.tar.gz'\"}"]
[108343][1637722436456][requester][info]["RealtimeSyncMessageService~publishRealtimeOutgoingMessage: Message received history:import:fe402c45-1e22-499c-aef4-287113d127a8 Timeline in message: workspace:a542fe55-50c5-42fe-8762-60edc35ba572"]
[108343][1637722436456][requester][info]["BaseSyncTimeline~getPendingClientChanges: Starting to get pending changes for workspace:a542fe55-50c5-42fe-8762-60edc35ba572"]
[108343][1637722436465][requester][info]["BaseSyncTimeline~getPendingClientChanges: Finished to get pending changes for workspace:a542fe55-50c5-42fe-8762-60edc35ba572"]
[108343][1637722436466][requester][info]["BaseSyncTimeline~processClientChangesObservable: Started sending changeset for history:import:fe402c45-1e22-499c-aef4-287113d127a8 Timeline:workspace:a542fe55-50c5-42fe-8762-60edc35ba572"]
[108343][1637722436659][requester][info]["BaseSyncTimeline~processClientChangesObservable: Success for sending changeset for history:import:fe402c45-1e22-499c-aef4-287113d127a8 Timeline:workspace:a542fe55-50c5-42fe-8762-60edc35ba572"]
[108343][1637722437300][requester][info]["RealtimeSyncMessageService~publishRealtimeOutgoingMessage: Message received historyresponse:import:844382f7-bcc4-4554-8682-a7ac456bc410 Timeline in message: workspace:a542fe55-50c5-42fe-8762-60edc35ba572"]
[108343][1637722437300][requester][info]["BaseSyncTimeline~getPendingClientChanges: Starting to get pending changes for workspace:a542fe55-50c5-42fe-8762-60edc35ba572"]
[108343][1637722437302][requester][info]["BaseSyncTimeline~getPendingClientChanges: Finished to get pending changes for workspace:a542fe55-50c5-42fe-8762-60edc35ba572"]
[108343][1637722437302][requester][info]["BaseSyncTimeline~processClientChangesObservable: Started sending changeset for historyresponse:import:844382f7-bcc4-4554-8682-a7ac456bc410 Timeline:workspace:a542fe55-50c5-42fe-8762-60edc35ba572"]
[108343][1637722437484][requester][info]["BaseSyncTimeline~processClientChangesObservable: Success for sending changeset for historyresponse:import:844382f7-bcc4-4554-8682-a7ac456bc410 Timeline:workspace:a542fe55-50c5-42fe-8762-60edc35ba572"]
[108343][1637722448340][requester][info]["RealtimeSyncMessageService~publishRealtimeOutgoingMessage: Message received history:import:f10352c1-5738-423d-9ee8-5f9e92c36f8c Timeline in message: workspace:a542fe55-50c5-42fe-8762-60edc35ba572"]
[108343][1637722448341][requester][info]["BaseSyncTimeline~getPendingClientChanges: Starting to get pending changes for workspace:a542fe55-50c5-42fe-8762-60edc35ba572"]
[108343][1637722448362][requester][info]["BaseSyncTimeline~getPendingClientChanges: Finished to get pending changes for workspace:a542fe55-50c5-42fe-8762-60edc35ba572"]
[108343][1637722448362][requester][info]["BaseSyncTimeline~processClientChangesObservable: Started sending changeset for history:import:f10352c1-5738-423d-9ee8-5f9e92c36f8c Timeline:workspace:a542fe55-50c5-42fe-8762-60edc35ba572"]
[108343][1637722448558][requester][info]["BaseSyncTimeline~processClientChangesObservable: Success for sending changeset for history:import:f10352c1-5738-423d-9ee8-5f9e92c36f8c Timeline:workspace:a542fe55-50c5-42fe-8762-60edc35ba572"]
[108343][1637722448857][requester][info]["RealtimeSyncMessageService~publishRealtimeOutgoingMessage: Message received historyresponse:import:6381cd46-9be1-4959-8791-a435c71ce5a9 Timeline in message: workspace:a542fe55-50c5-42fe-8762-60edc35ba572"]
[108343][1637722448857][requester][info]["BaseSyncTimeline~getPendingClientChanges: Starting to get pending changes for workspace:a542fe55-50c5-42fe-8762-60edc35ba572"]
[108343][1637722448861][requester][info]["BaseSyncTimeline~getPendingClientChanges: Finished to get pending changes for workspace:a542fe55-50c5-42fe-8762-60edc35ba572"]
[108343][1637722448861][requester][info]["BaseSyncTimeline~processClientChangesObservable: Started sending changeset for historyresponse:import:6381cd46-9be1-4959-8791-a435c71ce5a9 Timeline:workspace:a542fe55-50c5-42fe-8762-60edc35ba572"]
[108343][1637722449035][requester][info]["BaseSyncTimeline~processClientChangesObservable: Success for sending changeset for historyresponse:import:6381cd46-9be1-4959-8791-a435c71ce5a9 Timeline:workspace:a542fe55-50c5-42fe-8762-60edc35ba572"]
[108343][1637722456041][requester][info]["RealtimeSyncMessageService~publishRealtimeOutgoingMessage: Message received history:import:eae58319-678d-4302-a774-8dec1fe56e9e Timeline in message: workspace:a542fe55-50c5-42fe-8762-60edc35ba572"]
[108343][1637722456041][requester][info]["BaseSyncTimeline~getPendingClientChanges: Starting to get pending changes for workspace:a542fe55-50c5-42fe-8762-60edc35ba572"]
[108343][1637722456046][requester][info]["BaseSyncTimeline~getPendingClientChanges: Finished to get pending changes for workspace:a542fe55-50c5-42fe-8762-60edc35ba572"]
[108343][1637722456047][requester][info]["BaseSyncTimeline~processClientChangesObservable: Started sending changeset for history:import:eae58319-678d-4302-a774-8dec1fe56e9e Timeline:workspace:a542fe55-50c5-42fe-8762-60edc35ba572"]
[108343][1637722456217][requester][info]["BaseSyncTimeline~processClientChangesObservable: Success for sending changeset for history:import:eae58319-678d-4302-a774-8dec1fe56e9e Timeline:workspace:a542fe55-50c5-42fe-8762-60edc35ba572"]
[108343][1637722456409][requester][info]["RealtimeSyncMessageService~publishRealtimeOutgoingMessage: Message received historyresponse:import:eb9e7405-a532-4a88-9ede-22c44970a9d6 Timeline in message: workspace:a542fe55-50c5-42fe-8762-60edc35ba572"]
[108343][1637722456409][requester][info]["BaseSyncTimeline~getPendingClientChanges: Starting to get pending changes for workspace:a542fe55-50c5-42fe-8762-60edc35ba572"]
[108343][1637722456412][requester][info]["BaseSyncTimeline~getPendingClientChanges: Finished to get pending changes for workspace:a542fe55-50c5-42fe-8762-60edc35ba572"]
[108343][1637722456412][requester][info]["BaseSyncTimeline~processClientChangesObservable: Started sending changeset for historyresponse:import:eb9e7405-a532-4a88-9ede-22c44970a9d6 Timeline:workspace:a542fe55-50c5-42fe-8762-60edc35ba572"]
[108343][1637722456611][requester][info]["BaseSyncTimeline~processClientChangesObservable: Success for sending changeset for historyresponse:import:eb9e7405-a532-4a88-9ede-22c44970a9d6 Timeline:workspace:a542fe55-50c5-42fe-8762-60edc35ba572"]
[108343][1637723293967][requester][info]["RealtimeSyncMessageService~publishRealtimeOutgoingMessage: Message received history:import:b7e0a3fe-b5fa-4d14-bc43-1856da2d00e6 Timeline in message: workspace:a542fe55-50c5-42fe-8762-60edc35ba572"]
[108343][1637723293968][requester][info]["BaseSyncTimeline~getPendingClientChanges: Starting to get pending changes for workspace:a542fe55-50c5-42fe-8762-60edc35ba572"]
[108343][1637723293975][requester][info]["BaseSyncTimeline~getPendingClientChanges: Finished to get pending changes for workspace:a542fe55-50c5-42fe-8762-60edc35ba572"]
[108343][1637723293976][requester][info]["BaseSyncTimeline~processClientChangesObservable: Started sending changeset for history:import:b7e0a3fe-b5fa-4d14-bc43-1856da2d00e6 Timeline:workspace:a542fe55-50c5-42fe-8762-60edc35ba572"]
[108343][1637723294201][requester][info]["BaseSyncTimeline~processClientChangesObservable: Success for sending changeset for history:import:b7e0a3fe-b5fa-4d14-bc43-1856da2d00e6 Timeline:workspace:a542fe55-50c5-42fe-8762-60edc35ba572"]
[108343][1637723294510][requester][info]["RealtimeSyncMessageService~publishRealtimeOutgoingMessage: Message received historyresponse:import:6b9a50d5-a17d-4e99-a328-ad19d3e22155 Timeline in message: workspace:a542fe55-50c5-42fe-8762-60edc35ba572"]
[108343][1637723294510][requester][info]["BaseSyncTimeline~getPendingClientChanges: Starting to get pending changes for workspace:a542fe55-50c5-42fe-8762-60edc35ba572"]
[108343][1637723294524][requester][info]["BaseSyncTimeline~getPendingClientChanges: Finished to get pending changes for workspace:a542fe55-50c5-42fe-8762-60edc35ba572"]
[108343][1637723294524][requester][info]["BaseSyncTimeline~processClientChangesObservable: Started sending changeset for historyresponse:import:6b9a50d5-a17d-4e99-a328-ad19d3e22155 Timeline:workspace:a542fe55-50c5-42fe-8762-60edc35ba572"]
[108343][1637723294816][requester][info]["BaseSyncTimeline~processClientChangesObservable: Success for sending changeset for historyresponse:import:6b9a50d5-a17d-4e99-a328-ad19d3e22155 Timeline:workspace:a542fe55-50c5-42fe-8762-60edc35ba572"]
[108343][1637723616408][requester][warn]["BaseSyncTimeline~getPendingServerChanges: Error in workspace:a542fe55-50c5-42fe-8762-60edc35ba572 /sync response","Sync Request: Could not get response (timeout)"]
[108343][1637723616409][requester][warn]["Could not subscribe to workspace:a542fe55-50c5-42fe-8762-60edc35ba572","Sync Request: Could not get response (timeout)"]
[108343][1637723625091][requester][info]["BaseSyncTimeline~subscribe: Subscribing to real time changes for workspace:a542fe55-50c5-42fe-8762-60edc35ba572"]
[108343][1637723625092][requester][info]["BaseSyncTimeline~_sync: Starting sync for workspace:a542fe55-50c5-42fe-8762-60edc35ba572"]
[108343][1637723625143][requester][info]["BaseSyncTimeline~getPendingClientChanges: Starting to get pending changes for workspace:a542fe55-50c5-42fe-8762-60edc35ba572"]
[108343][1637723625143][requester][info]["BaseSyncTimeline~getPendingClientChanges: Finished to get pending changes for workspace:a542fe55-50c5-42fe-8762-60edc35ba572"]
[108343][1637723625144][requester][info]["BaseSyncTimeline~getPendingServerChanges: Starting /sync call for workspace:a542fe55-50c5-42fe-8762-60edc35ba572"]
[108343][1637723625326][requester][info]["BaseSyncTimeline~SyncFinishedObservable: Successful sync proceeding with integrity check and force sync for workspace:a542fe55-50c5-42fe-8762-60edc35ba572"]
[108343][1637723625326][requester][info]["BaseSyncTimeline~_handleForceSync: Bailing out of force sync for workspace:a542fe55-50c5-42fe-8762-60edc35ba572"]
[108343][1637723625578][requester][warn]["EntityPermissionHandler: @TODO no target action found for",{"name":"createOrUpdate","namespace":"globals"}]
[108343][1637723625613][requester][info]["RealtimeSyncMessageService~publishRealtimeOutgoingMessage: Message received globals:update:696c5587-1686-4baa-8cb1-281018ceb095 Timeline in message: workspace:a542fe55-50c5-42fe-8762-60edc35ba572"]
[108343][1637723625613][requester][info]["BaseSyncTimeline~getPendingClientChanges: Starting to get pending changes for workspace:a542fe55-50c5-42fe-8762-60edc35ba572"]
[108343][1637723625617][requester][info]["BaseSyncTimeline~getPendingClientChanges: Finished to get pending changes for workspace:a542fe55-50c5-42fe-8762-60edc35ba572"]
[108343][1637723625618][requester][info]["BaseSyncTimeline~processClientChangesObservable: Started sending changeset for globals:update:696c5587-1686-4baa-8cb1-281018ceb095 Timeline:workspace:a542fe55-50c5-42fe-8762-60edc35ba572"]
[108343][1637723625650][requester][warn]["EntityPermissionHandler: @TODO no target action found for",{"name":"populate","namespace":"headerpreset"}]
[108343][1637723625951][requester][info]["BaseSyncTimeline~processClientChangesObservable: Success for sending changeset for globals:update:696c5587-1686-4baa-8cb1-281018ceb095 Timeline:workspace:a542fe55-50c5-42fe-8762-60edc35ba572"]
[108343][1637723767160][requester][info]["RealtimeSyncMessageService~publishRealtimeOutgoingMessage: Message received history:import:60783b21-3d0f-4a0e-ad35-b15434954ed0 Timeline in message: workspace:a542fe55-50c5-42fe-8762-60edc35ba572"]
[108343][1637723767161][requester][info]["BaseSyncTimeline~getPendingClientChanges: Starting to get pending changes for workspace:a542fe55-50c5-42fe-8762-60edc35ba572"]
[108343][1637723767167][requester][info]["BaseSyncTimeline~getPendingClientChanges: Finished to get pending changes for workspace:a542fe55-50c5-42fe-8762-60edc35ba572"]
[108343][1637723767168][requester][info]["BaseSyncTimeline~processClientChangesObservable: Started sending changeset for history:import:60783b21-3d0f-4a0e-ad35-b15434954ed0 Timeline:workspace:a542fe55-50c5-42fe-8762-60edc35ba572"]
[108343][1637723767351][requester][info]["BaseSyncTimeline~processClientChangesObservable: Success for sending changeset for history:import:60783b21-3d0f-4a0e-ad35-b15434954ed0 Timeline:workspace:a542fe55-50c5-42fe-8762-60edc35ba572"]
[108343][1637723767807][requester][info]["RealtimeSyncMessageService~publishRealtimeOutgoingMessage: Message received historyresponse:import:72f9b6be-bfee-4d5c-af1c-269c04193deb Timeline in message: workspace:a542fe55-50c5-42fe-8762-60edc35ba572"]
[108343][1637723767808][requester][info]["BaseSyncTimeline~getPendingClientChanges: Starting to get pending changes for workspace:a542fe55-50c5-42fe-8762-60edc35ba572"]
[108343][1637723767813][requester][info]["BaseSyncTimeline~getPendingClientChanges: Finished to get pending changes for workspace:a542fe55-50c5-42fe-8762-60edc35ba572"]
[108343][1637723767813][requester][info]["BaseSyncTimeline~processClientChangesObservable: Started sending changeset for historyresponse:import:72f9b6be-bfee-4d5c-af1c-269c04193deb Timeline:workspace:a542fe55-50c5-42fe-8762-60edc35ba572"]
[108343][1637723767989][requester][info]["BaseSyncTimeline~processClientChangesObservable: Success for sending changeset for historyresponse:import:72f9b6be-bfee-4d5c-af1c-269c04193deb Timeline:workspace:a542fe55-50c5-42fe-8762-60edc35ba572"]
[108343][1637723784131][requester][info]["RealtimeSyncMessageService~publishRealtimeOutgoingMessage: Message received history:import:183a0131-da39-4525-aa5a-4c4b82a1e5b8 Timeline in message: workspace:a542fe55-50c5-42fe-8762-60edc35ba572"]
[108343][1637723784131][requester][info]["BaseSyncTimeline~getPendingClientChanges: Starting to get pending changes for workspace:a542fe55-50c5-42fe-8762-60edc35ba572"]
[108343][1637723784152][requester][info]["BaseSyncTimeline~getPendingClientChanges: Finished to get pending changes for workspace:a542fe55-50c5-42fe-8762-60edc35ba572"]
[108343][1637723784152][requester][info]["BaseSyncTimeline~processClientChangesObservable: Started sending changeset for history:import:183a0131-da39-4525-aa5a-4c4b82a1e5b8 Timeline:workspace:a542fe55-50c5-42fe-8762-60edc35ba572"]
[108343][1637723784378][requester][info]["BaseSyncTimeline~processClientChangesObservable: Success for sending changeset for history:import:183a0131-da39-4525-aa5a-4c4b82a1e5b8 Timeline:workspace:a542fe55-50c5-42fe-8762-60edc35ba572"]
[108343][1637723784571][requester][info]["RealtimeSyncMessageService~publishRealtimeOutgoingMessage: Message received historyresponse:import:e63ea187-4192-4b89-b86f-b4a6cbc75d03 Timeline in message: workspace:a542fe55-50c5-42fe-8762-60edc35ba572"]
[108343][1637723784571][requester][info]["BaseSyncTimeline~getPendingClientChanges: Starting to get pending changes for workspace:a542fe55-50c5-42fe-8762-60edc35ba572"]
[108343][1637723784575][requester][info]["BaseSyncTimeline~getPendingClientChanges: Finished to get pending changes for workspace:a542fe55-50c5-42fe-8762-60edc35ba572"]
[108343][1637723784575][requester][info]["BaseSyncTimeline~processClientChangesObservable: Started sending changeset for historyresponse:import:e63ea187-4192-4b89-b86f-b4a6cbc75d03 Timeline:workspace:a542fe55-50c5-42fe-8762-60edc35ba572"]
[108343][1637723784750][requester][info]["BaseSyncTimeline~processClientChangesObservable: Success for sending changeset for historyresponse:import:e63ea187-4192-4b89-b86f-b4a6cbc75d03 Timeline:workspace:a542fe55-50c5-42fe-8762-60edc35ba572"]
[108343][1637723805776][requester][info]["RealtimeSyncMessageService~publishRealtimeOutgoingMessage: Message received history:import:f7e53043-d120-4b60-80d8-345343a5a319 Timeline in message: workspace:a542fe55-50c5-42fe-8762-60edc35ba572"]
[108343][1637723805777][requester][info]["BaseSyncTimeline~getPendingClientChanges: Starting to get pending changes for workspace:a542fe55-50c5-42fe-8762-60edc35ba572"]
[108343][1637723805779][requester][info]["BaseSyncTimeline~getPendingClientChanges: Finished to get pending changes for workspace:a542fe55-50c5-42fe-8762-60edc35ba572"]
[108343][1637723805780][requester][info]["BaseSyncTimeline~processClientChangesObservable: Started sending changeset for history:import:f7e53043-d120-4b60-80d8-345343a5a319 Timeline:workspace:a542fe55-50c5-42fe-8762-60edc35ba572"]
[108343][1637723805963][requester][info]["BaseSyncTimeline~processClientChangesObservable: Success for sending changeset for history:import:f7e53043-d120-4b60-80d8-345343a5a319 Timeline:workspace:a542fe55-50c5-42fe-8762-60edc35ba572"]
[108343][1637723806396][requester][info]["RealtimeSyncMessageService~publishRealtimeOutgoingMessage: Message received historyresponse:import:2136dbca-b533-4665-8076-cbcf6a4eb935 Timeline in message: workspace:a542fe55-50c5-42fe-8762-60edc35ba572"]
[108343][1637723806397][requester][info]["BaseSyncTimeline~getPendingClientChanges: Starting to get pending changes for workspace:a542fe55-50c5-42fe-8762-60edc35ba572"]
[108343][1637723806402][requester][info]["BaseSyncTimeline~getPendingClientChanges: Finished to get pending changes for workspace:a542fe55-50c5-42fe-8762-60edc35ba572"]
[108343][1637723806402][requester][info]["BaseSyncTimeline~processClientChangesObservable: Started sending changeset for historyresponse:import:2136dbca-b533-4665-8076-cbcf6a4eb935 Timeline:workspace:a542fe55-50c5-42fe-8762-60edc35ba572"]
[108343][1637723806582][requester][info]["BaseSyncTimeline~processClientChangesObservable: Success for sending changeset for historyresponse:import:2136dbca-b533-4665-8076-cbcf6a4eb935 Timeline:workspace:a542fe55-50c5-42fe-8762-60edc35ba572"]
[108343][1637723833662][requester][info]["RealtimeSyncMessageService~publishRealtimeOutgoingMessage: Message received history:import:e696a06a-dcdb-49ee-a9a3-270871b18dae Timeline in message: workspace:a542fe55-50c5-42fe-8762-60edc35ba572"]
[108343][1637723833662][requester][info]["BaseSyncTimeline~getPendingClientChanges: Starting to get pending changes for workspace:a542fe55-50c5-42fe-8762-60edc35ba572"]
[108343][1637723833667][requester][info]["BaseSyncTimeline~getPendingClientChanges: Finished to get pending changes for workspace:a542fe55-50c5-42fe-8762-60edc35ba572"]
[108343][1637723833668][requester][info]["BaseSyncTimeline~processClientChangesObservable: Started sending changeset for history:import:e696a06a-dcdb-49ee-a9a3-270871b18dae Timeline:workspace:a542fe55-50c5-42fe-8762-60edc35ba572"]
[108343][1637723833895][requester][info]["BaseSyncTimeline~processClientChangesObservable: Success for sending changeset for history:import:e696a06a-dcdb-49ee-a9a3-270871b18dae Timeline:workspace:a542fe55-50c5-42fe-8762-60edc35ba572"]
[108343][1637723834145][requester][info]["RealtimeSyncMessageService~publishRealtimeOutgoingMessage: Message received historyresponse:import:770e840d-6a31-44c8-81a5-24027ef257cf Timeline in message: workspace:a542fe55-50c5-42fe-8762-60edc35ba572"]
[108343][1637723834145][requester][info]["BaseSyncTimeline~getPendingClientChanges: Starting to get pending changes for workspace:a542fe55-50c5-42fe-8762-60edc35ba572"]
[108343][1637723834153][requester][info]["BaseSyncTimeline~getPendingClientChanges: Finished to get pending changes for workspace:a542fe55-50c5-42fe-8762-60edc35ba572"]
[108343][1637723834153][requester][info]["BaseSyncTimeline~processClientChangesObservable: Started sending changeset for historyresponse:import:770e840d-6a31-44c8-81a5-24027ef257cf Timeline:workspace:a542fe55-50c5-42fe-8762-60edc35ba572"]
[108343][1637723834324][requester][info]["BaseSyncTimeline~processClientChangesObservable: Success for sending changeset for historyresponse:import:770e840d-6a31-44c8-81a5-24027ef257cf Timeline:workspace:a542fe55-50c5-42fe-8762-60edc35ba572"]
