[101536][1636676730851][shell][info]["EventBus~initialize - Success"]
[101536][1636676730858][shell][info]["bootShellCrashReporter~ Success"]
[101536][1636676730872][shell][info]["shellController~init: Success"]
[101536][1636676730872][shell][info]["shellMeta~init: Success"]
[101536][1636676730872][shell][info]["partitionMigrationService: State of V7 partition:"]
[101536][1636676730873][shell][info]["partitionMigrationService: V7 partitions",[]]
[101536][1636676730873][shell][info]["partitionMigrationService: V7 lastActiveUser",null]
[101536][1636676730873][shell][info]["partitionMigrationService: V7 activePartition",null]
[101536][1636676730873][shell][info]["partitionMigrationService: V7 isPartitionDirty",null]
[101536][1636676730874][shell][info]["partitionMigrationService~rectifyNamespaceOfScratchPadPartition: There is no partition with scratchpad namespace"]
[101536][1636676730874][shell][info]["partitionMigrationService~rectifyNamespaceOfScratchPadPartition: There is no transit partition which could have been used for scratchpad"]
[101536][1636676730874][shell][info]["partitionMigrationService~init: Success"]
[101536][1636676730875][shell][info]["partitionMigrationService~runV8PartitionsIntegrity: Two way migration~ removing the following partitions from v8",[]]
[101536][1636676730875][shell][info]["userPartitionService~_rectifyTheActivePartitionOfApplication: Setting the active partition to ",null]
[101536][1636676730876][shell][info]["userPartitionService~init: Success"]
[101536][1636676730876][shell][info]["userPartitionService: State of v8 partition system:"]
[101536][1636676730877][shell][info]["userPartitionService: List of partitions:",[]]
[101536][1636676730877][shell][info]["userPartitionService: users global meta:",{"activePartition":null}]
[101536][1636676730877][shell][info]["shell~init~loadView: loading scratchpad partition"]
[101536][1636676730878][shell][info]["shell~init~loadView: loading active partition","8b56b804-78ce-46b8-b182-2d0f7b76d376"]
[101536][1636676730880][shell][info]["init~setViewAttributes - Initializing view with opts:",{"id":2,"type":"shared","startTime":1636676730469,"devtools":false,"partitionId":"8b56b804-78ce-46b8-b182-2d0f7b76d376"}]
[101536][1636676730880][shell][info]["Shell~init~setViewAttributes: passing scratchpad partition id as ","8b56b804-78ce-46b8-b182-2d0f7b76d376"]
[101536][1636676730880][shell][info]["Shell~init~setViewAttributes: do we have any logged in users? ",false]
[101536][1636676730881][shell][info]["init~setViewAttributes - Success"]
[101536][1636676732302][shell][info]["Shell~init~sendUsersDataToRenderer",[]]
[101536][1636676732303][shell][info]["Shell~init~requestTeamIdIfV7Partition: requesting user context from requester web view"]
[101536][1636676732339][shell][info]["Shell~init~attachShellIPCListeners: Received user context from requester web view",{"userId":"0","teamId":"0"}]
[101536][1636676732507][shell][info]["EventBus~initialize - Success"]
[101536][1636676732513][shell][info]["bootShellCrashReporter~ Success"]
[101536][1636676732523][shell][info]["userPartitionService: State of v8 partition system:"]
[101536][1636676732523][shell][info]["userPartitionService: List of partitions:",[{"partitionId":"8b56b804-78ce-46b8-b182-2d0f7b76d376","namespace":"scratchPad","userId":0,"teamId":0,"isDirty":false}]]
[101536][1636676732524][shell][info]["userPartitionService: users global meta:",{"activePartition":"8b56b804-78ce-46b8-b182-2d0f7b76d376"}]
[101536][1636676732524][shell][info]["shell~init~loadView: loading active partition"]
[101536][1636676732524][shell][info]["shell~init~loadView: loading active partition","8b56b804-78ce-46b8-b182-2d0f7b76d376"]
[101536][1636676732525][shell][info]["init~setViewAttributes - Initializing view with opts:",{"id":3,"type":"requester","startTime":1636676732317,"devtools":false,"primaryId":3,"allIds":[3],"partitionId":"8b56b804-78ce-46b8-b182-2d0f7b76d376"}]
[101536][1636676732526][shell][info]["Shell~init~setViewAttributes: passing scratchpad partition id as ","8b56b804-78ce-46b8-b182-2d0f7b76d376"]
[101536][1636676732526][shell][info]["Shell~init~setViewAttributes: do we have any logged in users? ",false]
[101536][1636676732527][shell][info]["init~setViewAttributes - Success"]
[101536][1636676733857][shell][info]["Shell~init~sendUsersDataToRenderer",[]]
[101536][1636676733896][shell][info]["Shell~init~sendUsersDataToRenderer",[]]
[101536][1636676736981][shell][info]["Shell~init~addNewUser: using transit partition","6b534ea1-134f-48fc-8dc8-73ac1f457cf6"]
[101536][1636676736981][shell][info]["shell~init~loadView: loading active partition","6b534ea1-134f-48fc-8dc8-73ac1f457cf6"]
[101536][1636676736982][shell][info]["init~setViewAttributes - Initializing view with opts:",{"id":2,"partitionId":"6b534ea1-134f-48fc-8dc8-73ac1f457cf6","newUser":true,"type":"shared"}]
[101536][1636676736983][shell][info]["Shell~init~setViewAttributes: passing scratchpad partition id as ","8b56b804-78ce-46b8-b182-2d0f7b76d376"]
[101536][1636676736983][shell][info]["Shell~init~setViewAttributes: do we have any logged in users? ",false]
[101536][1636676736984][shell][info]["init~setViewAttributes - Success"]
[101536][1636676739988][shell][info]["Shell~init~sendUsersDataToRenderer",[]]
[101536][1636676740911][shell][info]["EventBus~initialize - Success"]
[101536][1636676740946][shell][info]["bootShellCrashReporter~ Success"]
[101536][1636676740993][shell][info]["userPartitionService: State of v8 partition system:"]
[101536][1636676740997][shell][info]["userPartitionService: List of partitions:",[{"partitionId":"6b534ea1-134f-48fc-8dc8-73ac1f457cf6","namespace":"users","userId":0,"teamId":0,"lastUpdated":"2021-11-12T00:25:36.980Z"},{"partitionId":"8b56b804-78ce-46b8-b182-2d0f7b76d376","namespace":"scratchPad","userId":0,"teamId":0,"isDirty":false}]]
[101536][1636676741000][shell][info]["userPartitionService: users global meta:",{"activePartition":"6b534ea1-134f-48fc-8dc8-73ac1f457cf6"}]
[101536][1636676741001][shell][info]["shell~init~loadView: loading active partition"]
[101536][1636676741002][shell][info]["shell~init~loadView: loading active partition","6b534ea1-134f-48fc-8dc8-73ac1f457cf6"]
[101536][1636676741008][shell][info]["init~setViewAttributes - Initializing view with opts:",{"id":6,"type":"requester","startTime":1636676740021,"devtools":false,"primaryId":6,"allIds":[6],"partitionId":"6b534ea1-134f-48fc-8dc8-73ac1f457cf6"}]
[101536][1636676741012][shell][info]["Shell~init~setViewAttributes: passing scratchpad partition id as ","8b56b804-78ce-46b8-b182-2d0f7b76d376"]
[101536][1636676741013][shell][info]["Shell~init~setViewAttributes: do we have any logged in users? ",false]
[101536][1636676741016][shell][info]["init~setViewAttributes - Success"]
[101536][1636676747366][shell][info]["Shell~init~sendUsersDataToRenderer",[]]
[101536][1636676747512][shell][info]["Shell~init~sendUsersDataToRenderer",[]]
[101536][1636676754195][shell][info]["Shell~init~loginUser"]
[101536][1636676754197][shell][info]["Shell~init~loginUser: associating the user ","14771278"," with current partition ","6b534ea1-134f-48fc-8dc8-73ac1f457cf6"]
[101536][1636676754199][shell][info]["userPartitionService~associateTransitPartition: ",{"partitionId":"6b534ea1-134f-48fc-8dc8-73ac1f457cf6","context":{"namespace":"users","userId":"14771278","teamId":"0"}}]
[101536][1636676754201][shell][info]["userPartitionService: State of v8 partition system:"]
[101536][1636676754202][shell][info]["userPartitionService: List of partitions:",[{"partitionId":"6b534ea1-134f-48fc-8dc8-73ac1f457cf6","namespace":"users","userId":"14771278","teamId":"0","lastUpdated":"2021-11-12T00:25:54.199Z"},{"partitionId":"8b56b804-78ce-46b8-b182-2d0f7b76d376","namespace":"scratchPad","userId":0,"teamId":0,"isDirty":false}]]
[101536][1636676754203][shell][info]["userPartitionService: users global meta:",{"activePartition":"6b534ea1-134f-48fc-8dc8-73ac1f457cf6"}]
[101536][1636676754205][shell][info]["Shell~init~sendUsersDataToRenderer",["14771278"]]
[101536][1636676754584][shell][info]["EventBus~initialize - Success"]
[101536][1636676754592][shell][info]["bootShellCrashReporter~ Success"]
[101536][1636676754628][shell][info]["userPartitionService: State of v8 partition system:"]
[101536][1636676754629][shell][info]["userPartitionService: List of partitions:",[{"partitionId":"6b534ea1-134f-48fc-8dc8-73ac1f457cf6","namespace":"users","userId":"14771278","teamId":"0","lastUpdated":"2021-11-12T00:25:54.199Z"},{"partitionId":"8b56b804-78ce-46b8-b182-2d0f7b76d376","namespace":"scratchPad","userId":0,"teamId":0,"isDirty":false}]]
[101536][1636676754631][shell][info]["userPartitionService: users global meta:",{"activePartition":"6b534ea1-134f-48fc-8dc8-73ac1f457cf6"}]
[101536][1636676754632][shell][info]["shell~init~loadView: loading active partition"]
[101536][1636676754633][shell][info]["shell~init~loadView: loading active partition","6b534ea1-134f-48fc-8dc8-73ac1f457cf6"]
[101536][1636676754636][shell][info]["init~setViewAttributes - Initializing view with opts:",{"id":6,"type":"requester","startTime":1636676740021,"devtools":false,"primaryId":6,"allIds":[6],"partitionId":"6b534ea1-134f-48fc-8dc8-73ac1f457cf6"}]
[101536][1636676754638][shell][info]["Shell~init~setViewAttributes: passing scratchpad partition id as ","8b56b804-78ce-46b8-b182-2d0f7b76d376"]
[101536][1636676754639][shell][info]["Shell~init~setViewAttributes: do we have any logged in users? ",true]
[101536][1636676754642][shell][info]["init~setViewAttributes - Success"]
[101536][1636676759031][shell][info]["Shell~init~sendUsersDataToRenderer",["14771278"]]
[101536][1636676759056][shell][info]["Shell~init~sendUsersDataToRenderer",["14771278"]]
[101536][1636676760211][shell][info]["model-events~user - bootstrapUser received"]
[101536][1636676760214][shell][info]["userPartitionService~associateTransitPartition: ",{"partitionId":"6b534ea1-134f-48fc-8dc8-73ac1f457cf6","context":{"namespace":"users","userId":"14771278","teamId":"0"}}]
[101536][1636676760214][shell][info]["userPartitionService: State of v8 partition system:"]
[101536][1636676760215][shell][info]["userPartitionService: List of partitions:",[{"partitionId":"6b534ea1-134f-48fc-8dc8-73ac1f457cf6","namespace":"users","userId":"14771278","teamId":"0","lastUpdated":"2021-11-12T00:26:00.214Z"},{"partitionId":"8b56b804-78ce-46b8-b182-2d0f7b76d376","namespace":"scratchPad","userId":0,"teamId":0,"isDirty":false}]]
[101536][1636676760215][shell][info]["userPartitionService: users global meta:",{"activePartition":"6b534ea1-134f-48fc-8dc8-73ac1f457cf6"}]
[108343][1637722411213][shell][info]["EventBus~initialize - Success"]
[108343][1637722411220][shell][info]["bootShellCrashReporter~ Success"]
[108343][1637722411230][shell][info]["shellController~init: Success"]
[108343][1637722411230][shell][info]["shellMeta~init: Success"]
[108343][1637722411230][shell][info]["partitionMigrationService: State of V7 partition:"]
[108343][1637722411231][shell][info]["partitionMigrationService: V7 partitions",[]]
[108343][1637722411231][shell][info]["partitionMigrationService: V7 lastActiveUser",null]
[108343][1637722411231][shell][info]["partitionMigrationService: V7 activePartition",null]
[108343][1637722411231][shell][info]["partitionMigrationService: V7 isPartitionDirty",null]
[108343][1637722411231][shell][info]["partitionMigrationService~init: Success"]
[108343][1637722411232][shell][info]["partitionMigrationService~runV8PartitionsIntegrity: Two way migration~ removing the following partitions from v8",[]]
[108343][1637722411232][shell][info]["userPartitionService~getRecentV8UserPartition: recent v8 user context partition ","6b534ea1-134f-48fc-8dc8-73ac1f457cf6"]
[108343][1637722411232][shell][info]["userPartitionService~_rectifyTheActivePartitionOfApplication: Setting the active partition to ","6b534ea1-134f-48fc-8dc8-73ac1f457cf6"]
[108343][1637722411233][shell][info]["userPartitionService~init: Success"]
[108343][1637722411233][shell][info]["userPartitionService: State of v8 partition system:"]
[108343][1637722411234][shell][info]["userPartitionService: List of partitions:",[{"partitionId":"6b534ea1-134f-48fc-8dc8-73ac1f457cf6","namespace":"users","userId":"14771278","teamId":"0","lastUpdated":"2021-11-12T00:26:00.214Z"},{"partitionId":"8b56b804-78ce-46b8-b182-2d0f7b76d376","namespace":"scratchPad","userId":0,"teamId":0,"isDirty":false}]]
[108343][1637722411234][shell][info]["userPartitionService: users global meta:",{"activePartition":"6b534ea1-134f-48fc-8dc8-73ac1f457cf6"}]
[108343][1637722411234][shell][info]["shell~init~loadView: loading active partition"]
[108343][1637722411234][shell][info]["shell~init~loadView: loading active partition","6b534ea1-134f-48fc-8dc8-73ac1f457cf6"]
[108343][1637722411235][shell][info]["init~setViewAttributes - Initializing view with opts:",{"id":2,"type":"shared","startTime":1637722411002,"devtools":false,"partitionId":"6b534ea1-134f-48fc-8dc8-73ac1f457cf6"}]
[108343][1637722411236][shell][info]["Shell~init~setViewAttributes: passing scratchpad partition id as ","8b56b804-78ce-46b8-b182-2d0f7b76d376"]
[108343][1637722411236][shell][info]["Shell~init~setViewAttributes: do we have any logged in users? ",true]
[108343][1637722411237][shell][info]["init~setViewAttributes - Success"]
[108343][1637722412797][shell][info]["Shell~init~sendUsersDataToRenderer",["14771278"]]
[108343][1637722412992][shell][info]["EventBus~initialize - Success"]
[108343][1637722412998][shell][info]["bootShellCrashReporter~ Success"]
[108343][1637722413007][shell][info]["userPartitionService: State of v8 partition system:"]
[108343][1637722413008][shell][info]["userPartitionService: List of partitions:",[{"partitionId":"6b534ea1-134f-48fc-8dc8-73ac1f457cf6","namespace":"users","userId":"14771278","teamId":"0","lastUpdated":"2021-11-12T00:26:00.214Z"},{"partitionId":"8b56b804-78ce-46b8-b182-2d0f7b76d376","namespace":"scratchPad","userId":0,"teamId":0,"isDirty":false}]]
[108343][1637722413008][shell][info]["userPartitionService: users global meta:",{"activePartition":"6b534ea1-134f-48fc-8dc8-73ac1f457cf6"}]
[108343][1637722413008][shell][info]["shell~init~loadView: loading active partition"]
[108343][1637722413008][shell][info]["shell~init~loadView: loading active partition","6b534ea1-134f-48fc-8dc8-73ac1f457cf6"]
[108343][1637722413009][shell][info]["init~setViewAttributes - Initializing view with opts:",{"id":3,"type":"requester","startTime":1637722412814,"devtools":false,"primaryId":3,"allIds":[3],"partitionId":"6b534ea1-134f-48fc-8dc8-73ac1f457cf6"}]
[108343][1637722413010][shell][info]["Shell~init~setViewAttributes: passing scratchpad partition id as ","8b56b804-78ce-46b8-b182-2d0f7b76d376"]
[108343][1637722413010][shell][info]["Shell~init~setViewAttributes: do we have any logged in users? ",true]
[108343][1637722413011][shell][info]["init~setViewAttributes - Success"]
[108343][1637722415136][shell][info]["Shell~init~sendUsersDataToRenderer",["14771278"]]
[108343][1637722415162][shell][info]["Shell~init~sendUsersDataToRenderer",["14771278"]]
[108343][1637722417214][shell][info]["model-events~user - bootstrapUser received"]
[108343][1637722417215][shell][info]["userPartitionService~associateTransitPartition: ",{"partitionId":"6b534ea1-134f-48fc-8dc8-73ac1f457cf6","context":{"namespace":"users","userId":"14771278","teamId":"0"}}]
[108343][1637722417215][shell][info]["userPartitionService: State of v8 partition system:"]
[108343][1637722417216][shell][info]["userPartitionService: List of partitions:",[{"partitionId":"6b534ea1-134f-48fc-8dc8-73ac1f457cf6","namespace":"users","userId":"14771278","teamId":"0","lastUpdated":"2021-11-24T02:53:37.215Z"},{"partitionId":"8b56b804-78ce-46b8-b182-2d0f7b76d376","namespace":"scratchPad","userId":0,"teamId":0,"isDirty":false}]]
[108343][1637722417216][shell][info]["userPartitionService: users global meta:",{"activePartition":"6b534ea1-134f-48fc-8dc8-73ac1f457cf6"}]
