[101536][1636676733682][scratchpad][info]["EventBus~initialize - Success"]
[101536][1636676733683][scratchpad][info]["Messaging~boot - Success"]
[101536][1636676733697][scratchpad][info]["bootCrashReporter~ Success"]
[101536][1636676733699][scratchpad][info]["Telemetry~boot - Success"]
[101536][1636676733699][scratchpad][info]["bootConfigurations~initialize - Success"]
[101536][1636676733701][scratchpad][info]["Settings~boot - Success"]
[101536][1636676733773][scratchpad][info]["bootstrapModels - Success"]
[101536][1636676733773][scratchpad][info]["WLModels~boot - Success"]
[101536][1636676733781][scratchpad][info]["Session~boot - Success"]
[101536][1636676733783][scratchpad][info]["IndependentServices~boot - Success"]
[101536][1636676733788][scratchpad][info]["AppModels~boot - Success"]
[101536][1636676733803][scratchpad][info]["Sync~boot - Success"]
[101536][1636676733814][scratchpad][info]["PostUpdateBackup~init: Success"]
[101536][1636676733815][scratchpad][info]["Shared~boot - Success"]
[101536][1636676733816][scratchpad][info]["DBWatcher~boot - Success"]
[101536][1636676733818][scratchpad][info]["ThemeManager~boot - Success"]
[101536][1636676733819][scratchpad][info]["WorkbenchService~boot - Success"]
[101536][1636676733819][scratchpad][info]["ContextBarRegistry~boot - Success"]
[101536][1636676733820][scratchpad][info]["Store~boot - Success"]
[101536][1636676733822][scratchpad][info]["Shortcuts~boot - Success"]
[101536][1636676733836][scratchpad][info]["NewConsole~boot - Success"]
[101536][1636676733839][scratchpad][info]["APIDevInterface~boot - Success"]
[101536][1636676733843][scratchpad][info]["Attempting to create IPCNode to proxy_node_process"]
[101536][1636676733851][scratchpad][info]["Requester~boot - Success"]
[101536][1636676733853][scratchpad][info]["SharedRuntimeListeners~boot - Success"]
[101536][1636676733854][scratchpad][info]["booted - scratchpad"]
[101536][1636676733996][scratchpad][info]["NavigationService ~ [BROWSER] Transitioning io the initial route with the URL:","home"]
[101536][1636676734086][scratchpad][info]["CloudProxyHandler: Proxy configuration has not been setup"]
[101536][1636676734086][scratchpad][error]["IPCNode~createClient~something wrong connecting to the IPC server",{"errno":"ENOENT","code":"ENOENT","syscall":"connect","address":"/home/icecream/.config/Postman/proxy_node_process_prod.sock","name":"Error","message":"connect ENOENT /home/icecream/.config/Postman/proxy_node_process_prod.sock","stack":"Error: connect ENOENT /home/icecream/.config/Postman/proxy_node_process_prod.sock\n    at PipeConnectWrap.afterConnect [as oncomplete] (net.js:1141:16)"}]
[101536][1636676734115][scratchpad][error]["WorkspaceSessionController~getActiveSession: WorkspaceSession not found in db"]
[101536][1636676734117][scratchpad][error]["ActiveWorkspaceSessionStore: Initial Hydration Failed once"]
[101536][1636676734134][scratchpad][error]["WorkspaceSessionController~getActiveSession: WorkspaceSession not found in db"]
[101536][1636676734135][scratchpad][error]["ActiveWorkspaceSessionStore: Initial Hydration Failed twice",{"name":"Error","message":"WorkspaceSessionController~getActiveSession: WorkspaceSession not found in db","stack":"Error: WorkspaceSessionController~getActiveSession: WorkspaceSession not found in db\n    at file:///opt/postman/app/resources/app/js/scratchpad/vendor-shared.js:2:3684119"}]
[101536][1636676734275][scratchpad][info]["SessionValidation - Registering listener"]
[101536][1636676734283][scratchpad][info]["UI pulled the session locked information on init"]
[101536][1636676746596][scratchpad][info]["EventBus~initialize - Success"]
[101536][1636676746603][scratchpad][info]["Messaging~boot - Success"]
[101536][1636676746667][scratchpad][info]["bootCrashReporter~ Success"]
[101536][1636676746671][scratchpad][info]["Telemetry~boot - Success"]
[101536][1636676746674][scratchpad][info]["bootConfigurations~initialize - Success"]
[101536][1636676746681][scratchpad][info]["Settings~boot - Success"]
[101536][1636676747000][scratchpad][info]["bootstrapModels - Success"]
[101536][1636676747001][scratchpad][info]["WLModels~boot - Success"]
[101536][1636676747037][scratchpad][info]["Session~boot - Success"]
[101536][1636676747044][scratchpad][info]["IndependentServices~boot - Success"]
[101536][1636676747075][scratchpad][info]["AppModels~boot - Success"]
[101536][1636676747151][scratchpad][info]["Sync~boot - Success"]
[101536][1636676747197][scratchpad][info]["PostUpdateBackup~init: Success"]
[101536][1636676747202][scratchpad][info]["Shared~boot - Success"]
[101536][1636676747208][scratchpad][info]["DBWatcher~boot - Success"]
[101536][1636676747216][scratchpad][info]["ThemeManager~boot - Success"]
[101536][1636676747218][scratchpad][info]["WorkbenchService~boot - Success"]
[101536][1636676747219][scratchpad][info]["ContextBarRegistry~boot - Success"]
[101536][1636676747220][scratchpad][info]["Store~boot - Success"]
[101536][1636676747229][scratchpad][info]["Shortcuts~boot - Success"]
[101536][1636676747285][scratchpad][info]["NewConsole~boot - Success"]
[101536][1636676747298][scratchpad][info]["APIDevInterface~boot - Success"]
[101536][1636676747317][scratchpad][info]["Attempting to create IPCNode to proxy_node_process"]
[101536][1636676747353][scratchpad][info]["Requester~boot - Success"]
[101536][1636676747358][scratchpad][info]["SharedRuntimeListeners~boot - Success"]
[101536][1636676747363][scratchpad][info]["booted - scratchpad"]
[101536][1636676748002][scratchpad][info]["NavigationService ~ [BROWSER] Transitioning io the initial route with the URL:","home"]
[101536][1636676748365][scratchpad][info]["CloudProxyHandler: Proxy configuration has not been setup"]
[101536][1636676748366][scratchpad][error]["IPCNode~createClient~something wrong connecting to the IPC server",{"errno":"ENOENT","code":"ENOENT","syscall":"connect","address":"/home/icecream/.config/Postman/proxy_node_process_prod.sock","name":"Error","message":"connect ENOENT /home/icecream/.config/Postman/proxy_node_process_prod.sock","stack":"Error: connect ENOENT /home/icecream/.config/Postman/proxy_node_process_prod.sock\n    at PipeConnectWrap.afterConnect [as oncomplete] (net.js:1141:16)"}]
[101536][1636676748478][scratchpad][error]["WorkspaceSessionController~getActiveSession: WorkspaceSession not found in db"]
[101536][1636676748484][scratchpad][error]["ActiveWorkspaceSessionStore: Initial Hydration Failed once"]
[101536][1636676748613][scratchpad][error]["WorkspaceSessionController~getActiveSession: WorkspaceSession not found in db"]
[101536][1636676748614][scratchpad][error]["ActiveWorkspaceSessionStore: Initial Hydration Failed twice",{"name":"Error","message":"WorkspaceSessionController~getActiveSession: WorkspaceSession not found in db","stack":"Error: WorkspaceSessionController~getActiveSession: WorkspaceSession not found in db\n    at file:///opt/postman/app/resources/app/js/scratchpad/vendor-shared.js:2:3684119"}]
[101536][1636676748802][scratchpad][info]["SessionValidation - Registering listener"]
[101536][1636676748813][scratchpad][info]["UI pulled the session locked information on init"]
